<?xml version="1.0" encoding="UTF-8"?>
<!-- Generated by org.testng.reporters.JUnitReportReporter -->
<testsuite hostname="DESKTOP-D5LO8TI" failures="0" tests="2" name="test1" time="0.030" errors="0" timestamp="2024-07-26T10:03:23 IST" skipped="1">
  <testcase classname="test1" name="StreamMap" time="0.030"/>
  <system-out/>
  <testcase classname="test1" name="streams">
    <skipped/>
  </testcase> <!-- streams -->
  <system-out/>
</testsuite> <!-- test1 -->
